<?xml version="1.0" encoding="UTF-8"?>
<coverage generated="1597765663510" clover="3.2.0">
  <project timestamp="1597765663510" name="All files">
    <metrics statements="29" coveredstatements="29" conditionals="6" coveredconditionals="6" methods="7" coveredmethods="7" elements="42" coveredelements="42" complexity="0" loc="29" ncloc="29" packages="1" files="1" classes="1"/>
    <file name="app.js" path="C:\Users\t77rvt8\Documents\Sources\bootcamp\gostack-nodejs-challenge\src\app.js">
      <metrics statements="29" coveredstatements="29" conditionals="6" coveredconditionals="6" methods="7" coveredmethods="7"/>
      <line num="1" count="2" type="stmt"/>
      <line num="2" count="2" type="stmt"/>
      <line num="4" count="2" type="stmt"/>
      <line num="6" count="2" type="stmt"/>
      <line num="8" count="2" type="stmt"/>
      <line num="9" count="2" type="stmt"/>
      <line num="11" count="2" type="stmt"/>
      <line num="13" count="2" type="stmt"/>
      <line num="14" count="2" type="stmt"/>
      <line num="17" count="2" type="stmt"/>
      <line num="18" count="6" type="stmt"/>
      <line num="19" count="6" type="stmt"/>
      <line num="26" count="6" type="stmt"/>
      <line num="27" count="6" type="stmt"/>
      <line num="30" count="2" type="stmt"/>
      <line num="31" count="3" type="stmt"/>
      <line num="32" count="3" type="stmt"/>
      <line num="34" count="3" type="stmt"/>
      <line num="35" count="10" type="stmt"/>
      <line num="38" count="3" type="stmt"/>
      <line num="45" count="2" type="stmt"/>
      <line num="48" count="2" type="stmt"/>
      <line num="49" count="2" type="stmt"/>
      <line num="51" count="2" type="stmt"/>
      <line num="52" count="9" type="stmt"/>
      <line num="55" count="2" type="stmt"/>
      <line num="56" count="2" type="stmt"/>
      <line num="59" count="2" type="stmt"/>
      <line num="63" count="2" type="stmt"/>
    </file>
  </project>
</coverage>
