{"C:\\Users\\t77rvt8\\Documents\\Sources\\bootcamp\\gostack-nodejs-challenge\\src\\app.js": {"path":"C:\\Users\\t77rvt8\\Documents\\Sources\\bootcamp\\gostack-nodejs-challenge\\src\\app.js","statementMap":{"0":{"start":{"line":1,"column":16},"end":{"line":1,"column":34}},"1":{"start":{"line":2,"column":13},"end":{"line":2,"column":28}},"2":{"start":{"line":3,"column":17},"end":{"line":3,"column":34}},"3":{"start":{"line":4,"column":12},"end":{"line":4,"column":21}},"4":{"start":{"line":6,"column":0},"end":{"line":6,"column":24}},"5":{"start":{"line":7,"column":0},"end":{"line":7,"column":16}},"6":{"start":{"line":8,"column":21},"end":{"line":8,"column":23}},"7":{"start":{"line":12,"column":17},"end":{"line":12,"column":31}},"8":{"start":{"line":13,"column":16},"end":{"line":13,"column":76}},"9":{"start":{"line":13,"column":55},"end":{"line":13,"column":75}},"10":{"start":{"line":14,"column":2},"end":{"line":16,"column":3}},"11":{"start":{"line":15,"column":4},"end":{"line":15,"column":85}},"12":{"start":{"line":17,"column":2},"end":{"line":17,"column":16}},"13":{"start":{"line":20,"column":0},"end":{"line":22,"column":3}},"14":{"start":{"line":21,"column":2},"end":{"line":21,"column":37}},"15":{"start":{"line":24,"column":0},"end":{"line":35,"column":3}},"16":{"start":{"line":25,"column":32},"end":{"line":25,"column":44}},"17":{"start":{"line":26,"column":24},"end":{"line":32,"column":3}},"18":{"start":{"line":33,"column":2},"end":{"line":33,"column":35}},"19":{"start":{"line":34,"column":2},"end":{"line":34,"column":38}},"20":{"start":{"line":37,"column":0},"end":{"line":53,"column":3}},"21":{"start":{"line":38,"column":17},"end":{"line":38,"column":31}},"22":{"start":{"line":39,"column":32},"end":{"line":39,"column":44}},"23":{"start":{"line":41,"column":16},"end":{"line":43,"column":4}},"24":{"start":{"line":42,"column":4},"end":{"line":42,"column":32}},"25":{"start":{"line":45,"column":2},"end":{"line":51,"column":4}},"26":{"start":{"line":52,"column":2},"end":{"line":52,"column":44}},"27":{"start":{"line":55,"column":0},"end":{"line":64,"column":3}},"28":{"start":{"line":56,"column":17},"end":{"line":56,"column":31}},"29":{"start":{"line":58,"column":16},"end":{"line":60,"column":4}},"30":{"start":{"line":59,"column":4},"end":{"line":59,"column":32}},"31":{"start":{"line":62,"column":2},"end":{"line":62,"column":32}},"32":{"start":{"line":63,"column":2},"end":{"line":63,"column":37}},"33":{"start":{"line":66,"column":0},"end":{"line":68,"column":3}},"34":{"start":{"line":70,"column":0},"end":{"line":70,"column":21}}},"fnMap":{"0":{"name":"checkUserId","decl":{"start":{"line":11,"column":9},"end":{"line":11,"column":20}},"loc":{"start":{"line":11,"column":46},"end":{"line":18,"column":1}},"line":11},"1":{"name":"(anonymous_1)","decl":{"start":{"line":13,"column":39},"end":{"line":13,"column":40}},"loc":{"start":{"line":13,"column":55},"end":{"line":13,"column":75}},"line":13},"2":{"name":"(anonymous_2)","decl":{"start":{"line":20,"column":25},"end":{"line":20,"column":26}},"loc":{"start":{"line":20,"column":48},"end":{"line":22,"column":1}},"line":20},"3":{"name":"(anonymous_3)","decl":{"start":{"line":24,"column":26},"end":{"line":24,"column":27}},"loc":{"start":{"line":24,"column":49},"end":{"line":35,"column":1}},"line":24},"4":{"name":"(anonymous_4)","decl":{"start":{"line":37,"column":29},"end":{"line":37,"column":30}},"loc":{"start":{"line":37,"column":52},"end":{"line":53,"column":1}},"line":37},"5":{"name":"(anonymous_5)","decl":{"start":{"line":41,"column":39},"end":{"line":41,"column":40}},"loc":{"start":{"line":41,"column":55},"end":{"line":43,"column":3}},"line":41},"6":{"name":"(anonymous_6)","decl":{"start":{"line":55,"column":45},"end":{"line":55,"column":46}},"loc":{"start":{"line":55,"column":68},"end":{"line":64,"column":1}},"line":55},"7":{"name":"(anonymous_7)","decl":{"start":{"line":58,"column":39},"end":{"line":58,"column":40}},"loc":{"start":{"line":58,"column":55},"end":{"line":60,"column":3}},"line":58},"8":{"name":"(anonymous_8)","decl":{"start":{"line":66,"column":35},"end":{"line":66,"column":36}},"loc":{"start":{"line":66,"column":58},"end":{"line":68,"column":1}},"line":66}},"branchMap":{"0":{"loc":{"start":{"line":14,"column":2},"end":{"line":16,"column":3}},"type":"if","locations":[{"start":{"line":14,"column":2},"end":{"line":16,"column":3}},{"start":{"line":14,"column":2},"end":{"line":16,"column":3}}],"line":14},"1":{"loc":{"start":{"line":47,"column":9},"end":{"line":47,"column":44}},"type":"cond-expr","locations":[{"start":{"line":47,"column":15},"end":{"line":47,"column":18}},{"start":{"line":47,"column":21},"end":{"line":47,"column":44}}],"line":47},"2":{"loc":{"start":{"line":48,"column":11},"end":{"line":48,"column":52}},"type":"cond-expr","locations":[{"start":{"line":48,"column":19},"end":{"line":48,"column":24}},{"start":{"line":48,"column":27},"end":{"line":48,"column":52}}],"line":48},"3":{"loc":{"start":{"line":49,"column":11},"end":{"line":49,"column":52}},"type":"cond-expr","locations":[{"start":{"line":49,"column":19},"end":{"line":49,"column":24}},{"start":{"line":49,"column":27},"end":{"line":49,"column":52}}],"line":49}},"s":{"0":2,"1":2,"2":2,"3":2,"4":2,"5":2,"6":2,"7":2,"8":2,"9":9,"10":2,"11":1,"12":1,"13":2,"14":2,"15":2,"16":6,"17":6,"18":6,"19":6,"20":2,"21":3,"22":3,"23":3,"24":10,"25":3,"26":2,"27":2,"28":1,"29":1,"30":5,"31":1,"32":1,"33":2,"34":2},"f":{"0":2,"1":9,"2":2,"3":6,"4":3,"5":10,"6":1,"7":5,"8":2},"b":{"0":[1,1],"1":[1,2],"2":[1,1],"3":[1,1]},"_coverageSchema":"1a1c01bbd47fc00a2c39e90264f33305004495a9","hash":"14c41ae36e02f5c39c6d583e49b782c7ed49ec22"}
}
