{"C:\\Users\\t77rvt8\\Documents\\Sources\\bootcamp\\gostack-nodejs-challenge\\src\\app.js": {"path":"C:\\Users\\t77rvt8\\Documents\\Sources\\bootcamp\\gostack-nodejs-challenge\\src\\app.js","statementMap":{"0":{"start":{"line":1,"column":16},"end":{"line":1,"column":34}},"1":{"start":{"line":2,"column":13},"end":{"line":2,"column":28}},"2":{"start":{"line":4,"column":17},"end":{"line":4,"column":34}},"3":{"start":{"line":6,"column":12},"end":{"line":6,"column":21}},"4":{"start":{"line":8,"column":0},"end":{"line":8,"column":24}},"5":{"start":{"line":9,"column":0},"end":{"line":9,"column":16}},"6":{"start":{"line":11,"column":21},"end":{"line":11,"column":23}},"7":{"start":{"line":13,"column":0},"end":{"line":15,"column":3}},"8":{"start":{"line":14,"column":2},"end":{"line":14,"column":37}},"9":{"start":{"line":17,"column":0},"end":{"line":28,"column":3}},"10":{"start":{"line":18,"column":32},"end":{"line":18,"column":44}},"11":{"start":{"line":19,"column":24},"end":{"line":25,"column":3}},"12":{"start":{"line":26,"column":2},"end":{"line":26,"column":35}},"13":{"start":{"line":27,"column":2},"end":{"line":27,"column":38}},"14":{"start":{"line":30,"column":0},"end":{"line":46,"column":3}},"15":{"start":{"line":31,"column":17},"end":{"line":31,"column":31}},"16":{"start":{"line":32,"column":32},"end":{"line":32,"column":44}},"17":{"start":{"line":34,"column":16},"end":{"line":36,"column":4}},"18":{"start":{"line":35,"column":4},"end":{"line":35,"column":32}},"19":{"start":{"line":38,"column":2},"end":{"line":44,"column":4}},"20":{"start":{"line":45,"column":2},"end":{"line":45,"column":44}},"21":{"start":{"line":48,"column":0},"end":{"line":57,"column":3}},"22":{"start":{"line":49,"column":17},"end":{"line":49,"column":31}},"23":{"start":{"line":51,"column":16},"end":{"line":53,"column":4}},"24":{"start":{"line":52,"column":4},"end":{"line":52,"column":32}},"25":{"start":{"line":55,"column":2},"end":{"line":55,"column":32}},"26":{"start":{"line":56,"column":2},"end":{"line":56,"column":37}},"27":{"start":{"line":59,"column":0},"end":{"line":61,"column":3}},"28":{"start":{"line":63,"column":0},"end":{"line":63,"column":21}}},"fnMap":{"0":{"name":"(anonymous_0)","decl":{"start":{"line":13,"column":25},"end":{"line":13,"column":26}},"loc":{"start":{"line":13,"column":48},"end":{"line":15,"column":1}},"line":13},"1":{"name":"(anonymous_1)","decl":{"start":{"line":17,"column":26},"end":{"line":17,"column":27}},"loc":{"start":{"line":17,"column":49},"end":{"line":28,"column":1}},"line":17},"2":{"name":"(anonymous_2)","decl":{"start":{"line":30,"column":29},"end":{"line":30,"column":30}},"loc":{"start":{"line":30,"column":52},"end":{"line":46,"column":1}},"line":30},"3":{"name":"(anonymous_3)","decl":{"start":{"line":34,"column":39},"end":{"line":34,"column":40}},"loc":{"start":{"line":34,"column":55},"end":{"line":36,"column":3}},"line":34},"4":{"name":"(anonymous_4)","decl":{"start":{"line":48,"column":32},"end":{"line":48,"column":33}},"loc":{"start":{"line":48,"column":55},"end":{"line":57,"column":1}},"line":48},"5":{"name":"(anonymous_5)","decl":{"start":{"line":51,"column":39},"end":{"line":51,"column":40}},"loc":{"start":{"line":51,"column":55},"end":{"line":53,"column":3}},"line":51},"6":{"name":"(anonymous_6)","decl":{"start":{"line":59,"column":35},"end":{"line":59,"column":36}},"loc":{"start":{"line":59,"column":58},"end":{"line":61,"column":1}},"line":59}},"branchMap":{"0":{"loc":{"start":{"line":40,"column":9},"end":{"line":40,"column":44}},"type":"cond-expr","locations":[{"start":{"line":40,"column":15},"end":{"line":40,"column":18}},{"start":{"line":40,"column":21},"end":{"line":40,"column":44}}],"line":40},"1":{"loc":{"start":{"line":41,"column":11},"end":{"line":41,"column":52}},"type":"cond-expr","locations":[{"start":{"line":41,"column":19},"end":{"line":41,"column":24}},{"start":{"line":41,"column":27},"end":{"line":41,"column":52}}],"line":41},"2":{"loc":{"start":{"line":42,"column":11},"end":{"line":42,"column":52}},"type":"cond-expr","locations":[{"start":{"line":42,"column":19},"end":{"line":42,"column":24}},{"start":{"line":42,"column":27},"end":{"line":42,"column":52}}],"line":42}},"s":{"0":2,"1":2,"2":2,"3":2,"4":2,"5":2,"6":2,"7":2,"8":2,"9":2,"10":6,"11":6,"12":6,"13":6,"14":2,"15":3,"16":3,"17":3,"18":10,"19":3,"20":2,"21":2,"22":2,"23":2,"24":9,"25":2,"26":2,"27":2,"28":2},"f":{"0":2,"1":6,"2":3,"3":10,"4":2,"5":9,"6":2},"b":{"0":[1,2],"1":[1,1],"2":[1,1]},"_coverageSchema":"1a1c01bbd47fc00a2c39e90264f33305004495a9","hash":"bab1f7d0b55e80f437969de2140470125bafd3d9"}
}
