TN:
SF:src\app.js
FN:13,(anonymous_0)
FN:17,(anonymous_1)
FN:30,(anonymous_2)
FN:34,(anonymous_3)
FN:48,(anonymous_4)
FN:51,(anonymous_5)
FN:59,(anonymous_6)
FNF:7
FNH:7
FNDA:2,(anonymous_0)
FNDA:6,(anonymous_1)
FNDA:3,(anonymous_2)
FNDA:10,(anonymous_3)
FNDA:2,(anonymous_4)
FNDA:9,(anonymous_5)
FNDA:2,(anonymous_6)
DA:1,2
DA:2,2
DA:4,2
DA:6,2
DA:8,2
DA:9,2
DA:11,2
DA:13,2
DA:14,2
DA:17,2
DA:18,6
DA:19,6
DA:26,6
DA:27,6
DA:30,2
DA:31,3
DA:32,3
DA:34,3
DA:35,10
DA:38,3
DA:45,2
DA:48,2
DA:49,2
DA:51,2
DA:52,9
DA:55,2
DA:56,2
DA:59,2
DA:63,2
LF:29
LH:29
BRDA:40,0,0,1
BRDA:40,0,1,2
BRDA:41,1,0,1
BRDA:41,1,1,1
BRDA:42,2,0,1
BRDA:42,2,1,1
BRF:6
BRH:6
end_of_record
