TN:
SF:src\app.js
FN:11,checkUserId
FN:13,(anonymous_1)
FN:20,(anonymous_2)
FN:24,(anonymous_3)
FN:37,(anonymous_4)
FN:41,(anonymous_5)
FN:55,(anonymous_6)
FN:58,(anonymous_7)
FN:66,(anonymous_8)
FNF:9
FNH:9
FNDA:2,checkUserId
FNDA:9,(anonymous_1)
FNDA:2,(anonymous_2)
FNDA:6,(anonymous_3)
FNDA:3,(anonymous_4)
FNDA:10,(anonymous_5)
FNDA:1,(anonymous_6)
FNDA:5,(anonymous_7)
FNDA:2,(anonymous_8)
DA:1,2
DA:2,2
DA:3,2
DA:4,2
DA:6,2
DA:7,2
DA:8,2
DA:12,2
DA:13,9
DA:14,2
DA:15,1
DA:17,1
DA:20,2
DA:21,2
DA:24,2
DA:25,6
DA:26,6
DA:33,6
DA:34,6
DA:37,2
DA:38,3
DA:39,3
DA:41,3
DA:42,10
DA:45,3
DA:52,2
DA:55,2
DA:56,1
DA:58,1
DA:59,5
DA:62,1
DA:63,1
DA:66,2
DA:70,2
LF:34
LH:34
BRDA:14,0,0,1
BRDA:14,0,1,1
BRDA:47,1,0,1
BRDA:47,1,1,2
BRDA:48,2,0,1
BRDA:48,2,1,1
BRDA:49,3,0,1
BRDA:49,3,1,1
BRF:8
BRH:8
end_of_record
